{"/Users/brunomayer/Documents/Desenvolvimento/Estudos/Nodejs/users-api/src/business/users/control/UsersManager.ts": {"path":"/Users/brunomayer/Documents/Desenvolvimento/Estudos/Nodejs/users-api/src/business/users/control/UsersManager.ts","statementMap":{"0":{"start":{"line":1,"column":0},"end":{"line":1,"column":39}},"1":{"start":{"line":4,"column":0},"end":{"line":4,"column":48}},"2":{"start":{"line":8,"column":0},"end":{"line":54,"column":null}},"3":{"start":{"line":9,"column":24},"end":{"line":9,"column":41}},"4":{"start":{"line":12,"column":8},"end":{"line":13,"column":44}},"5":{"start":{"line":13,"column":12},"end":{"line":13,"column":44}},"6":{"start":{"line":15,"column":8},"end":{"line":15,"column":55}},"7":{"start":{"line":19,"column":8},"end":{"line":20,"column":44}},"8":{"start":{"line":20,"column":12},"end":{"line":20,"column":44}},"9":{"start":{"line":21,"column":8},"end":{"line":22,"column":47}},"10":{"start":{"line":22,"column":12},"end":{"line":22,"column":47}},"11":{"start":{"line":24,"column":8},"end":{"line":24,"column":34}},"12":{"start":{"line":26,"column":24},"end":{"line":26,"column":67}},"13":{"start":{"line":27,"column":8},"end":{"line":28,"column":60}},"14":{"start":{"line":28,"column":12},"end":{"line":28,"column":60}},"15":{"start":{"line":30,"column":8},"end":{"line":30,"column":20}},"16":{"start":{"line":34,"column":8},"end":{"line":35,"column":47}},"17":{"start":{"line":35,"column":12},"end":{"line":35,"column":47}},"18":{"start":{"line":37,"column":24},"end":{"line":37,"column":65}},"19":{"start":{"line":38,"column":8},"end":{"line":39,"column":60}},"20":{"start":{"line":39,"column":12},"end":{"line":39,"column":60}},"21":{"start":{"line":41,"column":8},"end":{"line":41,"column":20}},"22":{"start":{"line":45,"column":8},"end":{"line":46,"column":47}},"23":{"start":{"line":46,"column":12},"end":{"line":46,"column":47}},"24":{"start":{"line":48,"column":8},"end":{"line":48,"column":55}},"25":{"start":{"line":52,"column":8},"end":{"line":52,"column":49}},"26":{"start":{"line":8,"column":21},"end":{"line":54,"column":null}},"27":{"start":{"line":8,"column":21},"end":{"line":8,"column":null}}},"fnMap":{"0":{"name":"(anonymous_8)","decl":{"start":{"line":9,"column":4},"end":{"line":9,"column":24}},"loc":{"start":{"line":9,"column":56},"end":{"line":9,"column":60}}},"1":{"name":"(anonymous_9)","decl":{"start":{"line":11,"column":10},"end":{"line":11,"column":16}},"loc":{"start":{"line":11,"column":27},"end":{"line":16,"column":null}}},"2":{"name":"(anonymous_11)","decl":{"start":{"line":18,"column":10},"end":{"line":18,"column":16}},"loc":{"start":{"line":18,"column":39},"end":{"line":31,"column":null}}},"3":{"name":"(anonymous_13)","decl":{"start":{"line":33,"column":10},"end":{"line":33,"column":20}},"loc":{"start":{"line":33,"column":31},"end":{"line":42,"column":null}}},"4":{"name":"(anonymous_15)","decl":{"start":{"line":44,"column":10},"end":{"line":44,"column":18}},"loc":{"start":{"line":44,"column":29},"end":{"line":49,"column":null}}},"5":{"name":"(anonymous_17)","decl":{"start":{"line":51,"column":10},"end":{"line":51,"column":17}},"loc":{"start":{"line":51,"column":17},"end":{"line":53,"column":null}}}},"branchMap":{"0":{"loc":{"start":{"line":12,"column":8},"end":{"line":13,"column":44}},"type":"if","locations":[{"start":{"line":12,"column":8},"end":{"line":13,"column":44}},{"start":{"line":12,"column":8},"end":{"line":13,"column":44}}]},"1":{"loc":{"start":{"line":19,"column":8},"end":{"line":20,"column":44}},"type":"if","locations":[{"start":{"line":19,"column":8},"end":{"line":20,"column":44}},{"start":{"line":19,"column":8},"end":{"line":20,"column":44}}]},"2":{"loc":{"start":{"line":21,"column":8},"end":{"line":22,"column":47}},"type":"if","locations":[{"start":{"line":21,"column":8},"end":{"line":22,"column":47}},{"start":{"line":21,"column":8},"end":{"line":22,"column":47}}]},"3":{"loc":{"start":{"line":27,"column":8},"end":{"line":28,"column":60}},"type":"if","locations":[{"start":{"line":27,"column":8},"end":{"line":28,"column":60}},{"start":{"line":27,"column":8},"end":{"line":28,"column":60}}]},"4":{"loc":{"start":{"line":34,"column":8},"end":{"line":35,"column":47}},"type":"if","locations":[{"start":{"line":34,"column":8},"end":{"line":35,"column":47}},{"start":{"line":34,"column":8},"end":{"line":35,"column":47}}]},"5":{"loc":{"start":{"line":38,"column":8},"end":{"line":39,"column":60}},"type":"if","locations":[{"start":{"line":38,"column":8},"end":{"line":39,"column":60}},{"start":{"line":38,"column":8},"end":{"line":39,"column":60}}]},"6":{"loc":{"start":{"line":45,"column":8},"end":{"line":46,"column":47}},"type":"if","locations":[{"start":{"line":45,"column":8},"end":{"line":46,"column":47}},{"start":{"line":45,"column":8},"end":{"line":46,"column":47}}]}},"s":{"0":1,"1":1,"2":1,"3":1,"4":1,"5":0,"6":1,"7":1,"8":0,"9":1,"10":0,"11":1,"12":1,"13":1,"14":1,"15":0,"16":0,"17":0,"18":0,"19":0,"20":0,"21":0,"22":0,"23":0,"24":0,"25":0,"26":1,"27":1},"f":{"0":1,"1":1,"2":1,"3":0,"4":0,"5":0},"b":{"0":[0,1],"1":[0,1],"2":[0,1],"3":[1,0],"4":[0,0],"5":[0,0],"6":[0,0]}}
,"/Users/brunomayer/Documents/Desenvolvimento/Estudos/Nodejs/users-api/src/business/users/control/UsersRepository.ts": {"path":"/Users/brunomayer/Documents/Desenvolvimento/Estudos/Nodejs/users-api/src/business/users/control/UsersRepository.ts","statementMap":{"0":{"start":{"line":1,"column":0},"end":{"line":1,"column":39}},"1":{"start":{"line":2,"column":0},"end":{"line":2,"column":37}},"2":{"start":{"line":4,"column":0},"end":{"line":4,"column":50}},"3":{"start":{"line":7,"column":0},"end":{"line":33,"column":null}},"4":{"start":{"line":11,"column":8},"end":{"line":11,"column":66}},"5":{"start":{"line":15,"column":8},"end":{"line":15,"column":45}},"6":{"start":{"line":19,"column":8},"end":{"line":19,"column":60}},"7":{"start":{"line":23,"column":8},"end":{"line":23,"column":45}},"8":{"start":{"line":27,"column":8},"end":{"line":27,"column":54}},"9":{"start":{"line":31,"column":8},"end":{"line":31,"column":39}},"10":{"start":{"line":7,"column":21},"end":{"line":33,"column":null}},"11":{"start":{"line":7,"column":21},"end":{"line":7,"column":null}}},"fnMap":{"0":{"name":"(anonymous_8)","decl":{"start":{"line":10,"column":4},"end":{"line":10,"column":null}},"loc":{"start":{"line":10,"column":4},"end":{"line":12,"column":5}}},"1":{"name":"(anonymous_9)","decl":{"start":{"line":14,"column":10},"end":{"line":14,"column":16}},"loc":{"start":{"line":14,"column":27},"end":{"line":16,"column":null}}},"2":{"name":"(anonymous_11)","decl":{"start":{"line":18,"column":10},"end":{"line":18,"column":16}},"loc":{"start":{"line":18,"column":39},"end":{"line":20,"column":null}}},"3":{"name":"(anonymous_13)","decl":{"start":{"line":22,"column":10},"end":{"line":22,"column":18}},"loc":{"start":{"line":22,"column":29},"end":{"line":24,"column":null}}},"4":{"name":"(anonymous_15)","decl":{"start":{"line":26,"column":10},"end":{"line":26,"column":20}},"loc":{"start":{"line":26,"column":31},"end":{"line":28,"column":null}}},"5":{"name":"(anonymous_17)","decl":{"start":{"line":30,"column":10},"end":{"line":30,"column":14}},"loc":{"start":{"line":30,"column":14},"end":{"line":32,"column":null}}}},"branchMap":{},"s":{"0":1,"1":1,"2":1,"3":1,"4":1,"5":0,"6":0,"7":0,"8":0,"9":0,"10":1,"11":1},"f":{"0":1,"1":0,"2":0,"3":0,"4":0,"5":0},"b":{}}
,"/Users/brunomayer/Documents/Desenvolvimento/Estudos/Nodejs/users-api/src/business/users/domain/User.ts": {"path":"/Users/brunomayer/Documents/Desenvolvimento/Estudos/Nodejs/users-api/src/business/users/domain/User.ts","statementMap":{"0":{"start":{"line":1,"column":0},"end":{"line":1,"column":51}},"1":{"start":{"line":13,"column":13},"end":{"line":26,"column":null}},"2":{"start":{"line":22,"column":17},"end":{"line":22,"column":28}},"3":{"start":{"line":23,"column":4},"end":{"line":25,"column":null}},"4":{"start":{"line":24,"column":8},"end":{"line":24,"column":34}}},"fnMap":{"0":{"name":"(anonymous_0)","decl":{"start":{"line":21,"column":13},"end":{"line":21,"column":null}},"loc":{"start":{"line":21,"column":13},"end":{"line":26,"column":1}}}},"branchMap":{"0":{"loc":{"start":{"line":23,"column":4},"end":{"line":25,"column":null}},"type":"if","locations":[{"start":{"line":23,"column":4},"end":{"line":25,"column":null}},{"start":{"line":23,"column":4},"end":{"line":25,"column":null}}]}},"s":{"0":1,"1":1,"2":0,"3":0,"4":0},"f":{"0":0},"b":{"0":[0,0]}}
}
