TN:
SF:/Users/brunomayer/Documents/Desenvolvimento/Estudos/Nodejs/users-api/src/business/users/control/UsersManager.ts
FN:9,(anonymous_8)
FN:11,(anonymous_9)
FN:18,(anonymous_11)
FN:33,(anonymous_13)
FN:44,(anonymous_15)
FN:51,(anonymous_17)
FNF:6
FNH:3
FNDA:1,(anonymous_8)
FNDA:1,(anonymous_9)
FNDA:1,(anonymous_11)
FNDA:0,(anonymous_13)
FNDA:0,(anonymous_15)
FNDA:0,(anonymous_17)
DA:1,1
DA:4,1
DA:8,1
DA:9,1
DA:12,1
DA:13,0
DA:15,1
DA:19,1
DA:20,0
DA:21,1
DA:22,0
DA:24,1
DA:26,1
DA:27,1
DA:28,1
DA:30,0
DA:34,0
DA:35,0
DA:37,0
DA:38,0
DA:39,0
DA:41,0
DA:45,0
DA:46,0
DA:48,0
DA:52,0
LF:26
LH:12
BRDA:12,0,0,0
BRDA:12,0,1,1
BRDA:19,1,0,0
BRDA:19,1,1,1
BRDA:21,2,0,0
BRDA:21,2,1,1
BRDA:27,3,0,1
BRDA:27,3,1,0
BRDA:34,4,0,0
BRDA:34,4,1,0
BRDA:38,5,0,0
BRDA:38,5,1,0
BRDA:45,6,0,0
BRDA:45,6,1,0
BRF:14
BRH:4
end_of_record
TN:
SF:/Users/brunomayer/Documents/Desenvolvimento/Estudos/Nodejs/users-api/src/business/users/control/UsersRepository.ts
FN:10,(anonymous_8)
FN:14,(anonymous_9)
FN:18,(anonymous_11)
FN:22,(anonymous_13)
FN:26,(anonymous_15)
FN:30,(anonymous_17)
FNF:6
FNH:1
FNDA:1,(anonymous_8)
FNDA:0,(anonymous_9)
FNDA:0,(anonymous_11)
FNDA:0,(anonymous_13)
FNDA:0,(anonymous_15)
FNDA:0,(anonymous_17)
DA:1,1
DA:2,1
DA:4,1
DA:7,1
DA:11,1
DA:15,0
DA:19,0
DA:23,0
DA:27,0
DA:31,0
LF:10
LH:5
BRF:0
BRH:0
end_of_record
TN:
SF:/Users/brunomayer/Documents/Desenvolvimento/Estudos/Nodejs/users-api/src/business/users/domain/User.ts
FN:21,(anonymous_0)
FNF:1
FNH:0
FNDA:0,(anonymous_0)
DA:1,1
DA:13,1
DA:22,0
DA:23,0
DA:24,0
LF:5
LH:2
BRDA:23,0,0,0
BRDA:23,0,1,0
BRF:2
BRH:0
end_of_record
